<?xml version="1.0" encoding="UTF-8"?>
<testng-results skipped="0" failed="0" ignored="0" total="2" passed="2">
  <reporter-output>
  </reporter-output>
  <suite name="Default suite" duration-ms="49147" started-at="2020-02-21T15:51:40 IST" finished-at="2020-02-21T15:52:29 IST">
    <groups>
    </groups>
    <test name="Default test" duration-ms="49147" started-at="2020-02-21T15:51:40 IST" finished-at="2020-02-21T15:52:29 IST">
      <class name="com.training.sanity.tests.RateAssignments">
        <test-method status="PASS" signature="setUp()[pri:0, instance:com.training.sanity.tests.RateAssignments@5d76b067]" name="setUp" is-config="true" duration-ms="14604" started-at="2020-02-21T15:51:40 IST" finished-at="2020-02-21T15:51:54 IST">
          <reporter-output>
          </reporter-output>
        </test-method> <!-- setUp -->
        <test-method status="PASS" signature="validLoginTest()[pri:1, instance:com.training.sanity.tests.RateAssignments@5d76b067]" name="validLoginTest" duration-ms="5102" started-at="2020-02-21T15:51:54 IST" finished-at="2020-02-21T15:51:59 IST">
          <reporter-output>
          </reporter-output>
        </test-method> <!-- validLoginTest -->
        <test-method status="PASS" signature="validRateAssignment()[pri:2, instance:com.training.sanity.tests.RateAssignments@5d76b067]" name="validRateAssignment" duration-ms="28086" started-at="2020-02-21T15:51:59 IST" finished-at="2020-02-21T15:52:28 IST">
          <reporter-output>
          </reporter-output>
        </test-method> <!-- validRateAssignment -->
        <test-method status="PASS" signature="tearDown()[pri:0, instance:com.training.sanity.tests.RateAssignments@5d76b067]" name="tearDown" is-config="true" duration-ms="1308" started-at="2020-02-21T15:52:28 IST" finished-at="2020-02-21T15:52:29 IST">
          <reporter-output>
          </reporter-output>
        </test-method> <!-- tearDown -->
      </class> <!-- com.training.sanity.tests.RateAssignments -->
    </test> <!-- Default test -->
  </suite> <!-- Default suite -->
</testng-results>
