<?xml version="1.0" encoding="UTF-8"?>
<!-- Generated by org.testng.reporters.JUnitXMLReporter -->
<testsuite hostname="DESKTOP-U2B40K2" ignored="0" name="Default test" tests="2" failures="0" timestamp="2020-02-21T15:52:29 IST" time="49.147" errors="0">
  <testcase name="validLoginTest" time="5.102" classname="com.training.sanity.tests.RateAssignments"/>
  <testcase name="validRateAssignment" time="28.086" classname="com.training.sanity.tests.RateAssignments"/>
</testsuite> <!-- Default test -->
