<?xml version="1.0" encoding="UTF-8"?>
<!-- Generated by org.testng.reporters.JUnitXMLReporter -->
<testsuite hostname="DESKTOP-U2B40K2" ignored="0" name="Sample test" tests="5" failures="0" timestamp="2020-02-17T09:59:25 IST" time="158.496" errors="0">
  <testcase name="validSignUpTest" time="40.431" classname="com.training.sanity.tests.SignUp"/>
  <testcase name="validLoginTest" time="5.652" classname="com.training.sanity.tests.LoginTests"/>
  <testcase name="editProfileTest" time="5.395" classname="com.training.sanity.tests.LoginTests"/>
  <testcase name="forgotPwdTest" time="4.454" classname="com.training.sanity.tests.Fogotpassowrd"/>
  <testcase name="validSignUpTest" time="40.535" classname="com.training.sanity.tests.SignUpTeacher"/>
</testsuite> <!-- Sample test -->
